2023-02-24 12:16:30: Error: listen EADDRINUSE: address already in use :::9999
2023-02-24 12:16:30:     at Server.setupListenHandle [as _listen2] (node:net:1334:16)
2023-02-24 12:16:30:     at listenInCluster (node:net:1382:12)
2023-02-24 12:16:30:     at Server.listen (node:net:1469:7)
2023-02-24 12:16:30:     at e.listen (E:\webpackVue3\node\verdor-724e7ad5.js:2:1008)
2023-02-24 12:16:30:     at e.exports.Start (E:\webpackVue3\node\index.js:1:51366)
2023-02-24 12:16:30:     at Object.65970 (E:\webpackVue3\node\index.js:1:51488)
2023-02-24 12:16:30:     at s (E:\webpackVue3\node\index.js:1:57504)
2023-02-24 12:16:30:     at E:\webpackVue3\node\index.js:1:57955
2023-02-24 12:16:30:     at Function.s.O (E:\webpackVue3\node\index.js:1:58207)
2023-02-24 12:16:30:     at s.x (E:\webpackVue3\node\index.js:1:57977) {
2023-02-24 12:16:30:   code: 'EADDRINUSE',
2023-02-24 12:16:30:   errno: -4091,
2023-02-24 12:16:30:   syscall: 'listen',
2023-02-24 12:16:30:   address: '::',
2023-02-24 12:16:30:   port: 9999
2023-02-24 12:16:30: }
2023-02-24 12:16:31: Error: listen EADDRINUSE: address already in use :::9999
2023-02-24 12:16:31:     at Server.setupListenHandle [as _listen2] (node:net:1334:16)
2023-02-24 12:16:31:     at listenInCluster (node:net:1382:12)
2023-02-24 12:16:31:     at Server.listen (node:net:1469:7)
2023-02-24 12:16:31:     at e.listen (E:\webpackVue3\node\verdor-724e7ad5.js:2:1008)
2023-02-24 12:16:31:     at e.exports.Start (E:\webpackVue3\node\index.js:1:51366)
2023-02-24 12:16:31:     at Object.65970 (E:\webpackVue3\node\index.js:1:51488)
2023-02-24 12:16:31:     at s (E:\webpackVue3\node\index.js:1:57504)
2023-02-24 12:16:31:     at E:\webpackVue3\node\index.js:1:57955
2023-02-24 12:16:31:     at Function.s.O (E:\webpackVue3\node\index.js:1:58207)
2023-02-24 12:16:31:     at s.x (E:\webpackVue3\node\index.js:1:57977) {
2023-02-24 12:16:31:   code: 'EADDRINUSE',
2023-02-24 12:16:31:   errno: -4091,
2023-02-24 12:16:31:   syscall: 'listen',
2023-02-24 12:16:31:   address: '::',
2023-02-24 12:16:31:   port: 9999
2023-02-24 12:16:31: }
2023-02-24 12:16:32: Error: listen EADDRINUSE: address already in use :::9999
2023-02-24 12:16:32:     at Server.setupListenHandle [as _listen2] (node:net:1334:16)
2023-02-24 12:16:32:     at listenInCluster (node:net:1382:12)
2023-02-24 12:16:32:     at Server.listen (node:net:1469:7)
2023-02-24 12:16:32:     at e.listen (E:\webpackVue3\node\verdor-724e7ad5.js:2:1008)
2023-02-24 12:16:32:     at e.exports.Start (E:\webpackVue3\node\index.js:1:51366)
2023-02-24 12:16:32:     at Object.65970 (E:\webpackVue3\node\index.js:1:51488)
2023-02-24 12:16:32:     at s (E:\webpackVue3\node\index.js:1:57504)
2023-02-24 12:16:32:     at E:\webpackVue3\node\index.js:1:57955
2023-02-24 12:16:32:     at Function.s.O (E:\webpackVue3\node\index.js:1:58207)
2023-02-24 12:16:32:     at s.x (E:\webpackVue3\node\index.js:1:57977) {
2023-02-24 12:16:32:   code: 'EADDRINUSE',
2023-02-24 12:16:32:   errno: -4091,
2023-02-24 12:16:32:   syscall: 'listen',
2023-02-24 12:16:32:   address: '::',
2023-02-24 12:16:32:   port: 9999
2023-02-24 12:16:32: }
2023-02-24 12:16:33: Error: listen EADDRINUSE: address already in use :::9999
2023-02-24 12:16:33:     at Server.setupListenHandle [as _listen2] (node:net:1334:16)
2023-02-24 12:16:33:     at listenInCluster (node:net:1382:12)
2023-02-24 12:16:33:     at Server.listen (node:net:1469:7)
2023-02-24 12:16:33:     at e.listen (E:\webpackVue3\node\verdor-724e7ad5.js:2:1008)
2023-02-24 12:16:33:     at e.exports.Start (E:\webpackVue3\node\index.js:1:51366)
2023-02-24 12:16:33:     at Object.65970 (E:\webpackVue3\node\index.js:1:51488)
2023-02-24 12:16:33:     at s (E:\webpackVue3\node\index.js:1:57504)
2023-02-24 12:16:33:     at E:\webpackVue3\node\index.js:1:57955
2023-02-24 12:16:33:     at Function.s.O (E:\webpackVue3\node\index.js:1:58207)
2023-02-24 12:16:33:     at s.x (E:\webpackVue3\node\index.js:1:57977) {
2023-02-24 12:16:33:   code: 'EADDRINUSE',
2023-02-24 12:16:33:   errno: -4091,
2023-02-24 12:16:33:   syscall: 'listen',
2023-02-24 12:16:33:   address: '::',
2023-02-24 12:16:33:   port: 9999
2023-02-24 12:16:33: }
2023-02-24 12:16:34: Error: listen EADDRINUSE: address already in use :::9999
2023-02-24 12:16:34:     at Server.setupListenHandle [as _listen2] (node:net:1334:16)
2023-02-24 12:16:34:     at listenInCluster (node:net:1382:12)
2023-02-24 12:16:34:     at Server.listen (node:net:1469:7)
2023-02-24 12:16:34:     at e.listen (E:\webpackVue3\node\verdor-724e7ad5.js:2:1008)
2023-02-24 12:16:34:     at e.exports.Start (E:\webpackVue3\node\index.js:1:51366)
2023-02-24 12:16:34:     at Object.65970 (E:\webpackVue3\node\index.js:1:51488)
2023-02-24 12:16:34:     at s (E:\webpackVue3\node\index.js:1:57504)
2023-02-24 12:16:34:     at E:\webpackVue3\node\index.js:1:57955
2023-02-24 12:16:34:     at Function.s.O (E:\webpackVue3\node\index.js:1:58207)
2023-02-24 12:16:34:     at s.x (E:\webpackVue3\node\index.js:1:57977) {
2023-02-24 12:16:34:   code: 'EADDRINUSE',
2023-02-24 12:16:34:   errno: -4091,
2023-02-24 12:16:34:   syscall: 'listen',
2023-02-24 12:16:34:   address: '::',
2023-02-24 12:16:34:   port: 9999
2023-02-24 12:16:34: }
2023-02-24 12:16:35: Error: listen EADDRINUSE: address already in use :::9999
2023-02-24 12:16:35:     at Server.setupListenHandle [as _listen2] (node:net:1334:16)
2023-02-24 12:16:35:     at listenInCluster (node:net:1382:12)
2023-02-24 12:16:35:     at Server.listen (node:net:1469:7)
2023-02-24 12:16:35:     at e.listen (E:\webpackVue3\node\verdor-724e7ad5.js:2:1008)
2023-02-24 12:16:35:     at e.exports.Start (E:\webpackVue3\node\index.js:1:51366)
2023-02-24 12:16:35:     at Object.65970 (E:\webpackVue3\node\index.js:1:51488)
2023-02-24 12:16:35:     at s (E:\webpackVue3\node\index.js:1:57504)
2023-02-24 12:16:35:     at E:\webpackVue3\node\index.js:1:57955
2023-02-24 12:16:35:     at Function.s.O (E:\webpackVue3\node\index.js:1:58207)
2023-02-24 12:16:35:     at s.x (E:\webpackVue3\node\index.js:1:57977) {
2023-02-24 12:16:35:   code: 'EADDRINUSE',
2023-02-24 12:16:35:   errno: -4091,
2023-02-24 12:16:35:   syscall: 'listen',
2023-02-24 12:16:35:   address: '::',
2023-02-24 12:16:35:   port: 9999
2023-02-24 12:16:35: }
2023-02-24 12:16:35: Error: listen EADDRINUSE: address already in use :::9999
2023-02-24 12:16:35:     at Server.setupListenHandle [as _listen2] (node:net:1334:16)
2023-02-24 12:16:35:     at listenInCluster (node:net:1382:12)
2023-02-24 12:16:35:     at Server.listen (node:net:1469:7)
2023-02-24 12:16:35:     at e.listen (E:\webpackVue3\node\verdor-724e7ad5.js:2:1008)
2023-02-24 12:16:35:     at e.exports.Start (E:\webpackVue3\node\index.js:1:51366)
2023-02-24 12:16:35:     at Object.65970 (E:\webpackVue3\node\index.js:1:51488)
2023-02-24 12:16:35:     at s (E:\webpackVue3\node\index.js:1:57504)
2023-02-24 12:16:35:     at E:\webpackVue3\node\index.js:1:57955
2023-02-24 12:16:35:     at Function.s.O (E:\webpackVue3\node\index.js:1:58207)
2023-02-24 12:16:35:     at s.x (E:\webpackVue3\node\index.js:1:57977) {
2023-02-24 12:16:35:   code: 'EADDRINUSE',
2023-02-24 12:16:35:   errno: -4091,
2023-02-24 12:16:35:   syscall: 'listen',
2023-02-24 12:16:35:   address: '::',
2023-02-24 12:16:35:   port: 9999
2023-02-24 12:16:35: }
2023-02-24 12:16:36: Error: listen EADDRINUSE: address already in use :::9999
2023-02-24 12:16:36:     at Server.setupListenHandle [as _listen2] (node:net:1334:16)
2023-02-24 12:16:36:     at listenInCluster (node:net:1382:12)
2023-02-24 12:16:36:     at Server.listen (node:net:1469:7)
2023-02-24 12:16:36:     at e.listen (E:\webpackVue3\node\verdor-724e7ad5.js:2:1008)
2023-02-24 12:16:36:     at e.exports.Start (E:\webpackVue3\node\index.js:1:51366)
2023-02-24 12:16:36:     at Object.65970 (E:\webpackVue3\node\index.js:1:51488)
2023-02-24 12:16:36:     at s (E:\webpackVue3\node\index.js:1:57504)
2023-02-24 12:16:36:     at E:\webpackVue3\node\index.js:1:57955
2023-02-24 12:16:36:     at Function.s.O (E:\webpackVue3\node\index.js:1:58207)
2023-02-24 12:16:36:     at s.x (E:\webpackVue3\node\index.js:1:57977) {
2023-02-24 12:16:36:   code: 'EADDRINUSE',
2023-02-24 12:16:36:   errno: -4091,
2023-02-24 12:16:36:   syscall: 'listen',
2023-02-24 12:16:36:   address: '::',
2023-02-24 12:16:36:   port: 9999
2023-02-24 12:16:36: }
2023-02-24 12:16:37: Error: listen EADDRINUSE: address already in use :::9999
2023-02-24 12:16:37:     at Server.setupListenHandle [as _listen2] (node:net:1334:16)
2023-02-24 12:16:37:     at listenInCluster (node:net:1382:12)
2023-02-24 12:16:37:     at Server.listen (node:net:1469:7)
2023-02-24 12:16:37:     at e.listen (E:\webpackVue3\node\verdor-724e7ad5.js:2:1008)
2023-02-24 12:16:37:     at e.exports.Start (E:\webpackVue3\node\index.js:1:51366)
2023-02-24 12:16:37:     at Object.65970 (E:\webpackVue3\node\index.js:1:51488)
2023-02-24 12:16:37:     at s (E:\webpackVue3\node\index.js:1:57504)
2023-02-24 12:16:37:     at E:\webpackVue3\node\index.js:1:57955
2023-02-24 12:16:37:     at Function.s.O (E:\webpackVue3\node\index.js:1:58207)
2023-02-24 12:16:37:     at s.x (E:\webpackVue3\node\index.js:1:57977) {
2023-02-24 12:16:37:   code: 'EADDRINUSE',
2023-02-24 12:16:37:   errno: -4091,
2023-02-24 12:16:37:   syscall: 'listen',
2023-02-24 12:16:37:   address: '::',
2023-02-24 12:16:37:   port: 9999
2023-02-24 12:16:37: }
2023-02-24 12:16:38: Error: listen EADDRINUSE: address already in use :::9999
2023-02-24 12:16:38:     at Server.setupListenHandle [as _listen2] (node:net:1334:16)
2023-02-24 12:16:38:     at listenInCluster (node:net:1382:12)
2023-02-24 12:16:38:     at Server.listen (node:net:1469:7)
2023-02-24 12:16:38:     at e.listen (E:\webpackVue3\node\verdor-724e7ad5.js:2:1008)
2023-02-24 12:16:38:     at e.exports.Start (E:\webpackVue3\node\index.js:1:51366)
2023-02-24 12:16:38:     at Object.65970 (E:\webpackVue3\node\index.js:1:51488)
2023-02-24 12:16:38:     at s (E:\webpackVue3\node\index.js:1:57504)
2023-02-24 12:16:38:     at E:\webpackVue3\node\index.js:1:57955
2023-02-24 12:16:38:     at Function.s.O (E:\webpackVue3\node\index.js:1:58207)
2023-02-24 12:16:38:     at s.x (E:\webpackVue3\node\index.js:1:57977) {
2023-02-24 12:16:38:   code: 'EADDRINUSE',
2023-02-24 12:16:38:   errno: -4091,
2023-02-24 12:16:38:   syscall: 'listen',
2023-02-24 12:16:38:   address: '::',
2023-02-24 12:16:38:   port: 9999
2023-02-24 12:16:38: }
2023-02-24 12:16:38: Error: listen EADDRINUSE: address already in use :::9999
2023-02-24 12:16:38:     at Server.setupListenHandle [as _listen2] (node:net:1334:16)
2023-02-24 12:16:38:     at listenInCluster (node:net:1382:12)
2023-02-24 12:16:38:     at Server.listen (node:net:1469:7)
2023-02-24 12:16:38:     at e.listen (E:\webpackVue3\node\verdor-724e7ad5.js:2:1008)
2023-02-24 12:16:38:     at e.exports.Start (E:\webpackVue3\node\index.js:1:51366)
2023-02-24 12:16:38:     at Object.65970 (E:\webpackVue3\node\index.js:1:51488)
2023-02-24 12:16:38:     at s (E:\webpackVue3\node\index.js:1:57504)
2023-02-24 12:16:38:     at E:\webpackVue3\node\index.js:1:57955
2023-02-24 12:16:38:     at Function.s.O (E:\webpackVue3\node\index.js:1:58207)
2023-02-24 12:16:38:     at s.x (E:\webpackVue3\node\index.js:1:57977) {
2023-02-24 12:16:38:   code: 'EADDRINUSE',
2023-02-24 12:16:38:   errno: -4091,
2023-02-24 12:16:38:   syscall: 'listen',
2023-02-24 12:16:38:   address: '::',
2023-02-24 12:16:38:   port: 9999
2023-02-24 12:16:38: }
2023-02-24 12:16:39: Error: listen EADDRINUSE: address already in use :::9999
2023-02-24 12:16:39:     at Server.setupListenHandle [as _listen2] (node:net:1334:16)
2023-02-24 12:16:39:     at listenInCluster (node:net:1382:12)
2023-02-24 12:16:39:     at Server.listen (node:net:1469:7)
2023-02-24 12:16:39:     at e.listen (E:\webpackVue3\node\verdor-724e7ad5.js:2:1008)
2023-02-24 12:16:39:     at e.exports.Start (E:\webpackVue3\node\index.js:1:51366)
2023-02-24 12:16:39:     at Object.65970 (E:\webpackVue3\node\index.js:1:51488)
2023-02-24 12:16:39:     at s (E:\webpackVue3\node\index.js:1:57504)
2023-02-24 12:16:39:     at E:\webpackVue3\node\index.js:1:57955
2023-02-24 12:16:39:     at Function.s.O (E:\webpackVue3\node\index.js:1:58207)
2023-02-24 12:16:39:     at s.x (E:\webpackVue3\node\index.js:1:57977) {
2023-02-24 12:16:39:   code: 'EADDRINUSE',
2023-02-24 12:16:39:   errno: -4091,
2023-02-24 12:16:39:   syscall: 'listen',
2023-02-24 12:16:39:   address: '::',
2023-02-24 12:16:39:   port: 9999
2023-02-24 12:16:39: }
2023-02-24 12:16:40: Error: listen EADDRINUSE: address already in use :::9999
2023-02-24 12:16:40:     at Server.setupListenHandle [as _listen2] (node:net:1334:16)
2023-02-24 12:16:40:     at listenInCluster (node:net:1382:12)
2023-02-24 12:16:40:     at Server.listen (node:net:1469:7)
2023-02-24 12:16:40:     at e.listen (E:\webpackVue3\node\verdor-724e7ad5.js:2:1008)
2023-02-24 12:16:40:     at e.exports.Start (E:\webpackVue3\node\index.js:1:51366)
2023-02-24 12:16:40:     at Object.65970 (E:\webpackVue3\node\index.js:1:51488)
2023-02-24 12:16:40:     at s (E:\webpackVue3\node\index.js:1:57504)
2023-02-24 12:16:40:     at E:\webpackVue3\node\index.js:1:57955
2023-02-24 12:16:40:     at Function.s.O (E:\webpackVue3\node\index.js:1:58207)
2023-02-24 12:16:40:     at s.x (E:\webpackVue3\node\index.js:1:57977) {
2023-02-24 12:16:40:   code: 'EADDRINUSE',
2023-02-24 12:16:40:   errno: -4091,
2023-02-24 12:16:40:   syscall: 'listen',
2023-02-24 12:16:40:   address: '::',
2023-02-24 12:16:40:   port: 9999
2023-02-24 12:16:40: }
2023-02-24 12:16:40: Error: listen EADDRINUSE: address already in use :::9999
2023-02-24 12:16:40:     at Server.setupListenHandle [as _listen2] (node:net:1334:16)
2023-02-24 12:16:40:     at listenInCluster (node:net:1382:12)
2023-02-24 12:16:40:     at Server.listen (node:net:1469:7)
2023-02-24 12:16:40:     at e.listen (E:\webpackVue3\node\verdor-724e7ad5.js:2:1008)
2023-02-24 12:16:40:     at e.exports.Start (E:\webpackVue3\node\index.js:1:51366)
2023-02-24 12:16:40:     at Object.65970 (E:\webpackVue3\node\index.js:1:51488)
2023-02-24 12:16:40:     at s (E:\webpackVue3\node\index.js:1:57504)
2023-02-24 12:16:40:     at E:\webpackVue3\node\index.js:1:57955
2023-02-24 12:16:40:     at Function.s.O (E:\webpackVue3\node\index.js:1:58207)
2023-02-24 12:16:40:     at s.x (E:\webpackVue3\node\index.js:1:57977) {
2023-02-24 12:16:40:   code: 'EADDRINUSE',
2023-02-24 12:16:40:   errno: -4091,
2023-02-24 12:16:40:   syscall: 'listen',
2023-02-24 12:16:40:   address: '::',
2023-02-24 12:16:40:   port: 9999
2023-02-24 12:16:40: }
2023-02-24 12:16:41: Error: listen EADDRINUSE: address already in use :::9999
2023-02-24 12:16:41:     at Server.setupListenHandle [as _listen2] (node:net:1334:16)
2023-02-24 12:16:41:     at listenInCluster (node:net:1382:12)
2023-02-24 12:16:41:     at Server.listen (node:net:1469:7)
2023-02-24 12:16:41:     at e.listen (E:\webpackVue3\node\verdor-724e7ad5.js:2:1008)
2023-02-24 12:16:41:     at e.exports.Start (E:\webpackVue3\node\index.js:1:51366)
2023-02-24 12:16:41:     at Object.65970 (E:\webpackVue3\node\index.js:1:51488)
2023-02-24 12:16:41:     at s (E:\webpackVue3\node\index.js:1:57504)
2023-02-24 12:16:41:     at E:\webpackVue3\node\index.js:1:57955
2023-02-24 12:16:41:     at Function.s.O (E:\webpackVue3\node\index.js:1:58207)
2023-02-24 12:16:41:     at s.x (E:\webpackVue3\node\index.js:1:57977) {
2023-02-24 12:16:41:   code: 'EADDRINUSE',
2023-02-24 12:16:41:   errno: -4091,
2023-02-24 12:16:41:   syscall: 'listen',
2023-02-24 12:16:41:   address: '::',
2023-02-24 12:16:41:   port: 9999
2023-02-24 12:16:41: }
2023-02-24 12:16:42: Error: listen EADDRINUSE: address already in use :::9999
2023-02-24 12:16:42:     at Server.setupListenHandle [as _listen2] (node:net:1334:16)
2023-02-24 12:16:42:     at listenInCluster (node:net:1382:12)
2023-02-24 12:16:42:     at Server.listen (node:net:1469:7)
2023-02-24 12:16:42:     at e.listen (E:\webpackVue3\node\verdor-724e7ad5.js:2:1008)
2023-02-24 12:16:42:     at e.exports.Start (E:\webpackVue3\node\index.js:1:51366)
2023-02-24 12:16:42:     at Object.65970 (E:\webpackVue3\node\index.js:1:51488)
2023-02-24 12:16:42:     at s (E:\webpackVue3\node\index.js:1:57504)
2023-02-24 12:16:42:     at E:\webpackVue3\node\index.js:1:57955
2023-02-24 12:16:42:     at Function.s.O (E:\webpackVue3\node\index.js:1:58207)
2023-02-24 12:16:42:     at s.x (E:\webpackVue3\node\index.js:1:57977) {
2023-02-24 12:16:42:   code: 'EADDRINUSE',
2023-02-24 12:16:42:   errno: -4091,
2023-02-24 12:16:42:   syscall: 'listen',
2023-02-24 12:16:42:   address: '::',
2023-02-24 12:16:42:   port: 9999
2023-02-24 12:16:42: }
2023-02-24 12:16:42: Error: listen EADDRINUSE: address already in use :::9999
2023-02-24 12:16:42:     at Server.setupListenHandle [as _listen2] (node:net:1334:16)
2023-02-24 12:16:42:     at listenInCluster (node:net:1382:12)
2023-02-24 12:16:42:     at Server.listen (node:net:1469:7)
2023-02-24 12:16:42:     at e.listen (E:\webpackVue3\node\verdor-724e7ad5.js:2:1008)
2023-02-24 12:16:42:     at e.exports.Start (E:\webpackVue3\node\index.js:1:51366)
2023-02-24 12:16:42:     at Object.65970 (E:\webpackVue3\node\index.js:1:51488)
2023-02-24 12:16:42:     at s (E:\webpackVue3\node\index.js:1:57504)
2023-02-24 12:16:42:     at E:\webpackVue3\node\index.js:1:57955
2023-02-24 12:16:42:     at Function.s.O (E:\webpackVue3\node\index.js:1:58207)
2023-02-24 12:16:42:     at s.x (E:\webpackVue3\node\index.js:1:57977) {
2023-02-24 12:16:42:   code: 'EADDRINUSE',
2023-02-24 12:16:42:   errno: -4091,
2023-02-24 12:16:42:   syscall: 'listen',
2023-02-24 12:16:42:   address: '::',
2023-02-24 12:16:42:   port: 9999
2023-02-24 12:16:42: }
2023-02-24 12:16:43: Error: listen EADDRINUSE: address already in use :::9999
2023-02-24 12:16:43:     at Server.setupListenHandle [as _listen2] (node:net:1334:16)
2023-02-24 12:16:43:     at listenInCluster (node:net:1382:12)
2023-02-24 12:16:43:     at Server.listen (node:net:1469:7)
2023-02-24 12:16:43:     at e.listen (E:\webpackVue3\node\verdor-724e7ad5.js:2:1008)
2023-02-24 12:16:43:     at e.exports.Start (E:\webpackVue3\node\index.js:1:51366)
2023-02-24 12:16:43:     at Object.65970 (E:\webpackVue3\node\index.js:1:51488)
2023-02-24 12:16:43:     at s (E:\webpackVue3\node\index.js:1:57504)
2023-02-24 12:16:43:     at E:\webpackVue3\node\index.js:1:57955
2023-02-24 12:16:43:     at Function.s.O (E:\webpackVue3\node\index.js:1:58207)
2023-02-24 12:16:43:     at s.x (E:\webpackVue3\node\index.js:1:57977) {
2023-02-24 12:16:43:   code: 'EADDRINUSE',
2023-02-24 12:16:43:   errno: -4091,
2023-02-24 12:16:43:   syscall: 'listen',
2023-02-24 12:16:43:   address: '::',
2023-02-24 12:16:43:   port: 9999
2023-02-24 12:16:43: }
2023-02-24 12:16:44: Error: listen EADDRINUSE: address already in use :::9999
2023-02-24 12:16:44:     at Server.setupListenHandle [as _listen2] (node:net:1334:16)
2023-02-24 12:16:44:     at listenInCluster (node:net:1382:12)
2023-02-24 12:16:44:     at Server.listen (node:net:1469:7)
2023-02-24 12:16:44:     at e.listen (E:\webpackVue3\node\verdor-724e7ad5.js:2:1008)
2023-02-24 12:16:44:     at e.exports.Start (E:\webpackVue3\node\index.js:1:51366)
2023-02-24 12:16:44:     at Object.65970 (E:\webpackVue3\node\index.js:1:51488)
2023-02-24 12:16:44:     at s (E:\webpackVue3\node\index.js:1:57504)
2023-02-24 12:16:44:     at E:\webpackVue3\node\index.js:1:57955
2023-02-24 12:16:44:     at Function.s.O (E:\webpackVue3\node\index.js:1:58207)
2023-02-24 12:16:44:     at s.x (E:\webpackVue3\node\index.js:1:57977) {
2023-02-24 12:16:44:   code: 'EADDRINUSE',
2023-02-24 12:16:44:   errno: -4091,
2023-02-24 12:16:44:   syscall: 'listen',
2023-02-24 12:16:44:   address: '::',
2023-02-24 12:16:44:   port: 9999
2023-02-24 12:16:44: }
2023-02-24 12:16:44: Error: listen EADDRINUSE: address already in use :::9999
2023-02-24 12:16:44:     at Server.setupListenHandle [as _listen2] (node:net:1334:16)
2023-02-24 12:16:44:     at listenInCluster (node:net:1382:12)
2023-02-24 12:16:44:     at Server.listen (node:net:1469:7)
2023-02-24 12:16:44:     at e.listen (E:\webpackVue3\node\verdor-724e7ad5.js:2:1008)
2023-02-24 12:16:44:     at e.exports.Start (E:\webpackVue3\node\index.js:1:51366)
2023-02-24 12:16:44:     at Object.65970 (E:\webpackVue3\node\index.js:1:51488)
2023-02-24 12:16:44:     at s (E:\webpackVue3\node\index.js:1:57504)
2023-02-24 12:16:44:     at E:\webpackVue3\node\index.js:1:57955
2023-02-24 12:16:44:     at Function.s.O (E:\webpackVue3\node\index.js:1:58207)
2023-02-24 12:16:44:     at s.x (E:\webpackVue3\node\index.js:1:57977) {
2023-02-24 12:16:44:   code: 'EADDRINUSE',
2023-02-24 12:16:44:   errno: -4091,
2023-02-24 12:16:44:   syscall: 'listen',
2023-02-24 12:16:44:   address: '::',
2023-02-24 12:16:44:   port: 9999
2023-02-24 12:16:44: }
2023-02-24 12:16:45: Error: listen EADDRINUSE: address already in use :::9999
2023-02-24 12:16:45:     at Server.setupListenHandle [as _listen2] (node:net:1334:16)
2023-02-24 12:16:45:     at listenInCluster (node:net:1382:12)
2023-02-24 12:16:45:     at Server.listen (node:net:1469:7)
2023-02-24 12:16:45:     at e.listen (E:\webpackVue3\node\verdor-724e7ad5.js:2:1008)
2023-02-24 12:16:45:     at e.exports.Start (E:\webpackVue3\node\index.js:1:51366)
2023-02-24 12:16:45:     at Object.65970 (E:\webpackVue3\node\index.js:1:51488)
2023-02-24 12:16:45:     at s (E:\webpackVue3\node\index.js:1:57504)
2023-02-24 12:16:45:     at E:\webpackVue3\node\index.js:1:57955
2023-02-24 12:16:45:     at Function.s.O (E:\webpackVue3\node\index.js:1:58207)
2023-02-24 12:16:45:     at s.x (E:\webpackVue3\node\index.js:1:57977) {
2023-02-24 12:16:45:   code: 'EADDRINUSE',
2023-02-24 12:16:45:   errno: -4091,
2023-02-24 12:16:45:   syscall: 'listen',
2023-02-24 12:16:45:   address: '::',
2023-02-24 12:16:45:   port: 9999
2023-02-24 12:16:45: }
2023-02-24 12:16:46: Error: listen EADDRINUSE: address already in use :::9999
2023-02-24 12:16:46:     at Server.setupListenHandle [as _listen2] (node:net:1334:16)
2023-02-24 12:16:46:     at listenInCluster (node:net:1382:12)
2023-02-24 12:16:46:     at Server.listen (node:net:1469:7)
2023-02-24 12:16:46:     at e.listen (E:\webpackVue3\node\verdor-724e7ad5.js:2:1008)
2023-02-24 12:16:46:     at e.exports.Start (E:\webpackVue3\node\index.js:1:51366)
2023-02-24 12:16:46:     at Object.65970 (E:\webpackVue3\node\index.js:1:51488)
2023-02-24 12:16:46:     at s (E:\webpackVue3\node\index.js:1:57504)
2023-02-24 12:16:46:     at E:\webpackVue3\node\index.js:1:57955
2023-02-24 12:16:46:     at Function.s.O (E:\webpackVue3\node\index.js:1:58207)
2023-02-24 12:16:46:     at s.x (E:\webpackVue3\node\index.js:1:57977) {
2023-02-24 12:16:46:   code: 'EADDRINUSE',
2023-02-24 12:16:46:   errno: -4091,
2023-02-24 12:16:46:   syscall: 'listen',
2023-02-24 12:16:46:   address: '::',
2023-02-24 12:16:46:   port: 9999
2023-02-24 12:16:46: }
2023-02-24 12:16:46: Error: listen EADDRINUSE: address already in use :::9999
2023-02-24 12:16:46:     at Server.setupListenHandle [as _listen2] (node:net:1334:16)
2023-02-24 12:16:46:     at listenInCluster (node:net:1382:12)
2023-02-24 12:16:46:     at Server.listen (node:net:1469:7)
2023-02-24 12:16:46:     at e.listen (E:\webpackVue3\node\verdor-724e7ad5.js:2:1008)
2023-02-24 12:16:46:     at e.exports.Start (E:\webpackVue3\node\index.js:1:51366)
2023-02-24 12:16:46:     at Object.65970 (E:\webpackVue3\node\index.js:1:51488)
2023-02-24 12:16:46:     at s (E:\webpackVue3\node\index.js:1:57504)
2023-02-24 12:16:46:     at E:\webpackVue3\node\index.js:1:57955
2023-02-24 12:16:46:     at Function.s.O (E:\webpackVue3\node\index.js:1:58207)
2023-02-24 12:16:46:     at s.x (E:\webpackVue3\node\index.js:1:57977) {
2023-02-24 12:16:46:   code: 'EADDRINUSE',
2023-02-24 12:16:46:   errno: -4091,
2023-02-24 12:16:46:   syscall: 'listen',
2023-02-24 12:16:46:   address: '::',
2023-02-24 12:16:46:   port: 9999
2023-02-24 12:16:46: }
2023-02-24 12:16:47: Error: listen EADDRINUSE: address already in use :::9999
2023-02-24 12:16:47:     at Server.setupListenHandle [as _listen2] (node:net:1334:16)
2023-02-24 12:16:47:     at listenInCluster (node:net:1382:12)
2023-02-24 12:16:47:     at Server.listen (node:net:1469:7)
2023-02-24 12:16:47:     at e.listen (E:\webpackVue3\node\verdor-724e7ad5.js:2:1008)
2023-02-24 12:16:47:     at e.exports.Start (E:\webpackVue3\node\index.js:1:51366)
2023-02-24 12:16:47:     at Object.65970 (E:\webpackVue3\node\index.js:1:51488)
2023-02-24 12:16:47:     at s (E:\webpackVue3\node\index.js:1:57504)
2023-02-24 12:16:47:     at E:\webpackVue3\node\index.js:1:57955
2023-02-24 12:16:47:     at Function.s.O (E:\webpackVue3\node\index.js:1:58207)
2023-02-24 12:16:47:     at s.x (E:\webpackVue3\node\index.js:1:57977) {
2023-02-24 12:16:47:   code: 'EADDRINUSE',
2023-02-24 12:16:47:   errno: -4091,
2023-02-24 12:16:47:   syscall: 'listen',
2023-02-24 12:16:47:   address: '::',
2023-02-24 12:16:47:   port: 9999
2023-02-24 12:16:47: }
2023-02-24 12:16:48: Error: listen EADDRINUSE: address already in use :::9999
2023-02-24 12:16:48:     at Server.setupListenHandle [as _listen2] (node:net:1334:16)
2023-02-24 12:16:48:     at listenInCluster (node:net:1382:12)
2023-02-24 12:16:48:     at Server.listen (node:net:1469:7)
2023-02-24 12:16:48:     at e.listen (E:\webpackVue3\node\verdor-724e7ad5.js:2:1008)
2023-02-24 12:16:48:     at e.exports.Start (E:\webpackVue3\node\index.js:1:51366)
2023-02-24 12:16:48:     at Object.65970 (E:\webpackVue3\node\index.js:1:51488)
2023-02-24 12:16:48:     at s (E:\webpackVue3\node\index.js:1:57504)
2023-02-24 12:16:48:     at E:\webpackVue3\node\index.js:1:57955
2023-02-24 12:16:48:     at Function.s.O (E:\webpackVue3\node\index.js:1:58207)
2023-02-24 12:16:48:     at s.x (E:\webpackVue3\node\index.js:1:57977) {
2023-02-24 12:16:48:   code: 'EADDRINUSE',
2023-02-24 12:16:48:   errno: -4091,
2023-02-24 12:16:48:   syscall: 'listen',
2023-02-24 12:16:48:   address: '::',
2023-02-24 12:16:48:   port: 9999
2023-02-24 12:16:48: }
2023-02-24 12:16:49: Error: listen EADDRINUSE: address already in use :::9999
2023-02-24 12:16:49:     at Server.setupListenHandle [as _listen2] (node:net:1334:16)
2023-02-24 12:16:49:     at listenInCluster (node:net:1382:12)
2023-02-24 12:16:49:     at Server.listen (node:net:1469:7)
2023-02-24 12:16:49:     at e.listen (E:\webpackVue3\node\verdor-724e7ad5.js:2:1008)
2023-02-24 12:16:49:     at e.exports.Start (E:\webpackVue3\node\index.js:1:51366)
2023-02-24 12:16:49:     at Object.65970 (E:\webpackVue3\node\index.js:1:51488)
2023-02-24 12:16:49:     at s (E:\webpackVue3\node\index.js:1:57504)
2023-02-24 12:16:49:     at E:\webpackVue3\node\index.js:1:57955
2023-02-24 12:16:49:     at Function.s.O (E:\webpackVue3\node\index.js:1:58207)
2023-02-24 12:16:49:     at s.x (E:\webpackVue3\node\index.js:1:57977) {
2023-02-24 12:16:49:   code: 'EADDRINUSE',
2023-02-24 12:16:49:   errno: -4091,
2023-02-24 12:16:49:   syscall: 'listen',
2023-02-24 12:16:49:   address: '::',
2023-02-24 12:16:49:   port: 9999
2023-02-24 12:16:49: }
2023-02-24 12:16:50: Error: listen EADDRINUSE: address already in use :::9999
2023-02-24 12:16:50:     at Server.setupListenHandle [as _listen2] (node:net:1334:16)
2023-02-24 12:16:50:     at listenInCluster (node:net:1382:12)
2023-02-24 12:16:50:     at Server.listen (node:net:1469:7)
2023-02-24 12:16:50:     at e.listen (E:\webpackVue3\node\verdor-724e7ad5.js:2:1008)
2023-02-24 12:16:50:     at e.exports.Start (E:\webpackVue3\node\index.js:1:51366)
2023-02-24 12:16:50:     at Object.65970 (E:\webpackVue3\node\index.js:1:51488)
2023-02-24 12:16:50:     at s (E:\webpackVue3\node\index.js:1:57504)
2023-02-24 12:16:50:     at E:\webpackVue3\node\index.js:1:57955
2023-02-24 12:16:50:     at Function.s.O (E:\webpackVue3\node\index.js:1:58207)
2023-02-24 12:16:50:     at s.x (E:\webpackVue3\node\index.js:1:57977) {
2023-02-24 12:16:50:   code: 'EADDRINUSE',
2023-02-24 12:16:50:   errno: -4091,
2023-02-24 12:16:50:   syscall: 'listen',
2023-02-24 12:16:50:   address: '::',
2023-02-24 12:16:50:   port: 9999
2023-02-24 12:16:50: }
2023-02-24 12:16:50: Error: listen EADDRINUSE: address already in use :::9999
2023-02-24 12:16:50:     at Server.setupListenHandle [as _listen2] (node:net:1334:16)
2023-02-24 12:16:50:     at listenInCluster (node:net:1382:12)
2023-02-24 12:16:50:     at Server.listen (node:net:1469:7)
2023-02-24 12:16:50:     at e.listen (E:\webpackVue3\node\verdor-724e7ad5.js:2:1008)
2023-02-24 12:16:50:     at e.exports.Start (E:\webpackVue3\node\index.js:1:51366)
2023-02-24 12:16:50:     at Object.65970 (E:\webpackVue3\node\index.js:1:51488)
2023-02-24 12:16:50:     at s (E:\webpackVue3\node\index.js:1:57504)
2023-02-24 12:16:50:     at E:\webpackVue3\node\index.js:1:57955
2023-02-24 12:16:50:     at Function.s.O (E:\webpackVue3\node\index.js:1:58207)
2023-02-24 12:16:50:     at s.x (E:\webpackVue3\node\index.js:1:57977) {
2023-02-24 12:16:50:   code: 'EADDRINUSE',
2023-02-24 12:16:50:   errno: -4091,
2023-02-24 12:16:50:   syscall: 'listen',
2023-02-24 12:16:50:   address: '::',
2023-02-24 12:16:50:   port: 9999
2023-02-24 12:16:50: }
2023-02-24 12:16:51: Error: listen EADDRINUSE: address already in use :::9999
2023-02-24 12:16:51:     at Server.setupListenHandle [as _listen2] (node:net:1334:16)
2023-02-24 12:16:51:     at listenInCluster (node:net:1382:12)
2023-02-24 12:16:51:     at Server.listen (node:net:1469:7)
2023-02-24 12:16:51:     at e.listen (E:\webpackVue3\node\verdor-724e7ad5.js:2:1008)
2023-02-24 12:16:51:     at e.exports.Start (E:\webpackVue3\node\index.js:1:51366)
2023-02-24 12:16:51:     at Object.65970 (E:\webpackVue3\node\index.js:1:51488)
2023-02-24 12:16:51:     at s (E:\webpackVue3\node\index.js:1:57504)
2023-02-24 12:16:51:     at E:\webpackVue3\node\index.js:1:57955
2023-02-24 12:16:51:     at Function.s.O (E:\webpackVue3\node\index.js:1:58207)
2023-02-24 12:16:51:     at s.x (E:\webpackVue3\node\index.js:1:57977) {
2023-02-24 12:16:51:   code: 'EADDRINUSE',
2023-02-24 12:16:51:   errno: -4091,
2023-02-24 12:16:51:   syscall: 'listen',
2023-02-24 12:16:51:   address: '::',
2023-02-24 12:16:51:   port: 9999
2023-02-24 12:16:51: }
2023-02-24 12:16:52: Error: listen EADDRINUSE: address already in use :::9999
2023-02-24 12:16:52:     at Server.setupListenHandle [as _listen2] (node:net:1334:16)
2023-02-24 12:16:52:     at listenInCluster (node:net:1382:12)
2023-02-24 12:16:52:     at Server.listen (node:net:1469:7)
2023-02-24 12:16:52:     at e.listen (E:\webpackVue3\node\verdor-724e7ad5.js:2:1008)
2023-02-24 12:16:52:     at e.exports.Start (E:\webpackVue3\node\index.js:1:51366)
2023-02-24 12:16:52:     at Object.65970 (E:\webpackVue3\node\index.js:1:51488)
2023-02-24 12:16:52:     at s (E:\webpackVue3\node\index.js:1:57504)
2023-02-24 12:16:52:     at E:\webpackVue3\node\index.js:1:57955
2023-02-24 12:16:52:     at Function.s.O (E:\webpackVue3\node\index.js:1:58207)
2023-02-24 12:16:52:     at s.x (E:\webpackVue3\node\index.js:1:57977) {
2023-02-24 12:16:52:   code: 'EADDRINUSE',
2023-02-24 12:16:52:   errno: -4091,
2023-02-24 12:16:52:   syscall: 'listen',
2023-02-24 12:16:52:   address: '::',
2023-02-24 12:16:52:   port: 9999
2023-02-24 12:16:52: }
