2023-02-24 12:16:30: {}
2023-02-24 12:16:30: {
2023-02-24 12:16:30:   WebServerPort: 9999,
2023-02-24 12:16:30:   MySqlConfig: {
2023-02-24 12:16:30:     host: '127.0.0.1',
2023-02-24 12:16:30:     user: 'root',
2023-02-24 12:16:30:     password: '123',
2023-02-24 12:16:30:     database: 'dormitory',
2023-02-24 12:16:30:     charset: 'utf8',
2023-02-24 12:16:30:     multipleStatements: true
2023-02-24 12:16:30:   },
2023-02-24 12:16:30:   JwtKey: '123456',
2023-02-24 12:16:30:   HuaAnCameraConfig: { Ip: '192.168.1.67', Port: '8000' },
2023-02-24 12:16:30:   AuthFlag: false,
2023-02-24 12:16:30:   HeartBeatMap: Map(0) {}
2023-02-24 12:16:30: } object
2023-02-24 12:16:31: {}
2023-02-24 12:16:31: {
2023-02-24 12:16:31:   WebServerPort: 9999,
2023-02-24 12:16:31:   MySqlConfig: {
2023-02-24 12:16:31:     host: '127.0.0.1',
2023-02-24 12:16:31:     user: 'root',
2023-02-24 12:16:31:     password: '123',
2023-02-24 12:16:31:     database: 'dormitory',
2023-02-24 12:16:31:     charset: 'utf8',
2023-02-24 12:16:31:     multipleStatements: true
2023-02-24 12:16:31:   },
2023-02-24 12:16:31:   JwtKey: '123456',
2023-02-24 12:16:31:   HuaAnCameraConfig: { Ip: '192.168.1.67', Port: '8000' },
2023-02-24 12:16:31:   AuthFlag: false,
2023-02-24 12:16:31:   HeartBeatMap: Map(0) {}
2023-02-24 12:16:31: } object
2023-02-24 12:16:32: {}
2023-02-24 12:16:32: {
2023-02-24 12:16:32:   WebServerPort: 9999,
2023-02-24 12:16:32:   MySqlConfig: {
2023-02-24 12:16:32:     host: '127.0.0.1',
2023-02-24 12:16:32:     user: 'root',
2023-02-24 12:16:32:     password: '123',
2023-02-24 12:16:32:     database: 'dormitory',
2023-02-24 12:16:32:     charset: 'utf8',
2023-02-24 12:16:32:     multipleStatements: true
2023-02-24 12:16:32:   },
2023-02-24 12:16:32:   JwtKey: '123456',
2023-02-24 12:16:32:   HuaAnCameraConfig: { Ip: '192.168.1.67', Port: '8000' },
2023-02-24 12:16:32:   AuthFlag: false,
2023-02-24 12:16:32:   HeartBeatMap: Map(0) {}
2023-02-24 12:16:32: } object
2023-02-24 12:16:33: {}
2023-02-24 12:16:33: {
2023-02-24 12:16:33:   WebServerPort: 9999,
2023-02-24 12:16:33:   MySqlConfig: {
2023-02-24 12:16:33:     host: '127.0.0.1',
2023-02-24 12:16:33:     user: 'root',
2023-02-24 12:16:33:     password: '123',
2023-02-24 12:16:33:     database: 'dormitory',
2023-02-24 12:16:33:     charset: 'utf8',
2023-02-24 12:16:33:     multipleStatements: true
2023-02-24 12:16:33:   },
2023-02-24 12:16:33:   JwtKey: '123456',
2023-02-24 12:16:33:   HuaAnCameraConfig: { Ip: '192.168.1.67', Port: '8000' },
2023-02-24 12:16:33:   AuthFlag: false,
2023-02-24 12:16:33:   HeartBeatMap: Map(0) {}
2023-02-24 12:16:33: } object
2023-02-24 12:16:34: {}
2023-02-24 12:16:34: {
2023-02-24 12:16:34:   WebServerPort: 9999,
2023-02-24 12:16:34:   MySqlConfig: {
2023-02-24 12:16:34:     host: '127.0.0.1',
2023-02-24 12:16:34:     user: 'root',
2023-02-24 12:16:34:     password: '123',
2023-02-24 12:16:34:     database: 'dormitory',
2023-02-24 12:16:34:     charset: 'utf8',
2023-02-24 12:16:34:     multipleStatements: true
2023-02-24 12:16:34:   },
2023-02-24 12:16:34:   JwtKey: '123456',
2023-02-24 12:16:34:   HuaAnCameraConfig: { Ip: '192.168.1.67', Port: '8000' },
2023-02-24 12:16:34:   AuthFlag: false,
2023-02-24 12:16:34:   HeartBeatMap: Map(0) {}
2023-02-24 12:16:34: } object
2023-02-24 12:16:35: {}
2023-02-24 12:16:35: {
2023-02-24 12:16:35:   WebServerPort: 9999,
2023-02-24 12:16:35:   MySqlConfig: {
2023-02-24 12:16:35:     host: '127.0.0.1',
2023-02-24 12:16:35:     user: 'root',
2023-02-24 12:16:35:     password: '123',
2023-02-24 12:16:35:     database: 'dormitory',
2023-02-24 12:16:35:     charset: 'utf8',
2023-02-24 12:16:35:     multipleStatements: true
2023-02-24 12:16:35:   },
2023-02-24 12:16:35:   JwtKey: '123456',
2023-02-24 12:16:35:   HuaAnCameraConfig: { Ip: '192.168.1.67', Port: '8000' },
2023-02-24 12:16:35:   AuthFlag: false,
2023-02-24 12:16:35:   HeartBeatMap: Map(0) {}
2023-02-24 12:16:35: } object
2023-02-24 12:16:35: {}
2023-02-24 12:16:35: {
2023-02-24 12:16:35:   WebServerPort: 9999,
2023-02-24 12:16:35:   MySqlConfig: {
2023-02-24 12:16:35:     host: '127.0.0.1',
2023-02-24 12:16:35:     user: 'root',
2023-02-24 12:16:35:     password: '123',
2023-02-24 12:16:35:     database: 'dormitory',
2023-02-24 12:16:35:     charset: 'utf8',
2023-02-24 12:16:35:     multipleStatements: true
2023-02-24 12:16:35:   },
2023-02-24 12:16:35:   JwtKey: '123456',
2023-02-24 12:16:35:   HuaAnCameraConfig: { Ip: '192.168.1.67', Port: '8000' },
2023-02-24 12:16:35:   AuthFlag: false,
2023-02-24 12:16:35:   HeartBeatMap: Map(0) {}
2023-02-24 12:16:35: } object
2023-02-24 12:16:36: {}
2023-02-24 12:16:36: {
2023-02-24 12:16:36:   WebServerPort: 9999,
2023-02-24 12:16:36:   MySqlConfig: {
2023-02-24 12:16:36:     host: '127.0.0.1',
2023-02-24 12:16:36:     user: 'root',
2023-02-24 12:16:36:     password: '123',
2023-02-24 12:16:36:     database: 'dormitory',
2023-02-24 12:16:36:     charset: 'utf8',
2023-02-24 12:16:36:     multipleStatements: true
2023-02-24 12:16:36:   },
2023-02-24 12:16:36:   JwtKey: '123456',
2023-02-24 12:16:36:   HuaAnCameraConfig: { Ip: '192.168.1.67', Port: '8000' },
2023-02-24 12:16:36:   AuthFlag: false,
2023-02-24 12:16:36:   HeartBeatMap: Map(0) {}
2023-02-24 12:16:36: } object
2023-02-24 12:16:37: {}
2023-02-24 12:16:37: {
2023-02-24 12:16:37:   WebServerPort: 9999,
2023-02-24 12:16:37:   MySqlConfig: {
2023-02-24 12:16:37:     host: '127.0.0.1',
2023-02-24 12:16:37:     user: 'root',
2023-02-24 12:16:37:     password: '123',
2023-02-24 12:16:37:     database: 'dormitory',
2023-02-24 12:16:37:     charset: 'utf8',
2023-02-24 12:16:37:     multipleStatements: true
2023-02-24 12:16:37:   },
2023-02-24 12:16:37:   JwtKey: '123456',
2023-02-24 12:16:37:   HuaAnCameraConfig: { Ip: '192.168.1.67', Port: '8000' },
2023-02-24 12:16:37:   AuthFlag: false,
2023-02-24 12:16:37:   HeartBeatMap: Map(0) {}
2023-02-24 12:16:37: } object
2023-02-24 12:16:38: {}
2023-02-24 12:16:38: {
2023-02-24 12:16:38:   WebServerPort: 9999,
2023-02-24 12:16:38:   MySqlConfig: {
2023-02-24 12:16:38:     host: '127.0.0.1',
2023-02-24 12:16:38:     user: 'root',
2023-02-24 12:16:38:     password: '123',
2023-02-24 12:16:38:     database: 'dormitory',
2023-02-24 12:16:38:     charset: 'utf8',
2023-02-24 12:16:38:     multipleStatements: true
2023-02-24 12:16:38:   },
2023-02-24 12:16:38:   JwtKey: '123456',
2023-02-24 12:16:38:   HuaAnCameraConfig: { Ip: '192.168.1.67', Port: '8000' },
2023-02-24 12:16:38:   AuthFlag: false,
2023-02-24 12:16:38:   HeartBeatMap: Map(0) {}
2023-02-24 12:16:38: } object
2023-02-24 12:16:38: {}
2023-02-24 12:16:38: {
2023-02-24 12:16:38:   WebServerPort: 9999,
2023-02-24 12:16:38:   MySqlConfig: {
2023-02-24 12:16:38:     host: '127.0.0.1',
2023-02-24 12:16:38:     user: 'root',
2023-02-24 12:16:38:     password: '123',
2023-02-24 12:16:38:     database: 'dormitory',
2023-02-24 12:16:38:     charset: 'utf8',
2023-02-24 12:16:38:     multipleStatements: true
2023-02-24 12:16:38:   },
2023-02-24 12:16:38:   JwtKey: '123456',
2023-02-24 12:16:38:   HuaAnCameraConfig: { Ip: '192.168.1.67', Port: '8000' },
2023-02-24 12:16:38:   AuthFlag: false,
2023-02-24 12:16:38:   HeartBeatMap: Map(0) {}
2023-02-24 12:16:38: } object
2023-02-24 12:16:39: {}
2023-02-24 12:16:39: {
2023-02-24 12:16:39:   WebServerPort: 9999,
2023-02-24 12:16:39:   MySqlConfig: {
2023-02-24 12:16:39:     host: '127.0.0.1',
2023-02-24 12:16:39:     user: 'root',
2023-02-24 12:16:39:     password: '123',
2023-02-24 12:16:39:     database: 'dormitory',
2023-02-24 12:16:39:     charset: 'utf8',
2023-02-24 12:16:39:     multipleStatements: true
2023-02-24 12:16:39:   },
2023-02-24 12:16:39:   JwtKey: '123456',
2023-02-24 12:16:39:   HuaAnCameraConfig: { Ip: '192.168.1.67', Port: '8000' },
2023-02-24 12:16:39:   AuthFlag: false,
2023-02-24 12:16:39:   HeartBeatMap: Map(0) {}
2023-02-24 12:16:39: } object
2023-02-24 12:16:40: {}
2023-02-24 12:16:40: {
2023-02-24 12:16:40:   WebServerPort: 9999,
2023-02-24 12:16:40:   MySqlConfig: {
2023-02-24 12:16:40:     host: '127.0.0.1',
2023-02-24 12:16:40:     user: 'root',
2023-02-24 12:16:40:     password: '123',
2023-02-24 12:16:40:     database: 'dormitory',
2023-02-24 12:16:40:     charset: 'utf8',
2023-02-24 12:16:40:     multipleStatements: true
2023-02-24 12:16:40:   },
2023-02-24 12:16:40:   JwtKey: '123456',
2023-02-24 12:16:40:   HuaAnCameraConfig: { Ip: '192.168.1.67', Port: '8000' },
2023-02-24 12:16:40:   AuthFlag: false,
2023-02-24 12:16:40:   HeartBeatMap: Map(0) {}
2023-02-24 12:16:40: } object
2023-02-24 12:16:40: {}
2023-02-24 12:16:40: {
2023-02-24 12:16:40:   WebServerPort: 9999,
2023-02-24 12:16:40:   MySqlConfig: {
2023-02-24 12:16:40:     host: '127.0.0.1',
2023-02-24 12:16:40:     user: 'root',
2023-02-24 12:16:40:     password: '123',
2023-02-24 12:16:40:     database: 'dormitory',
2023-02-24 12:16:40:     charset: 'utf8',
2023-02-24 12:16:40:     multipleStatements: true
2023-02-24 12:16:40:   },
2023-02-24 12:16:40:   JwtKey: '123456',
2023-02-24 12:16:40:   HuaAnCameraConfig: { Ip: '192.168.1.67', Port: '8000' },
2023-02-24 12:16:40:   AuthFlag: false,
2023-02-24 12:16:40:   HeartBeatMap: Map(0) {}
2023-02-24 12:16:40: } object
2023-02-24 12:16:41: {}
2023-02-24 12:16:41: {
2023-02-24 12:16:41:   WebServerPort: 9999,
2023-02-24 12:16:41:   MySqlConfig: {
2023-02-24 12:16:41:     host: '127.0.0.1',
2023-02-24 12:16:41:     user: 'root',
2023-02-24 12:16:41:     password: '123',
2023-02-24 12:16:41:     database: 'dormitory',
2023-02-24 12:16:41:     charset: 'utf8',
2023-02-24 12:16:41:     multipleStatements: true
2023-02-24 12:16:41:   },
2023-02-24 12:16:41:   JwtKey: '123456',
2023-02-24 12:16:41:   HuaAnCameraConfig: { Ip: '192.168.1.67', Port: '8000' },
2023-02-24 12:16:41:   AuthFlag: false,
2023-02-24 12:16:41:   HeartBeatMap: Map(0) {}
2023-02-24 12:16:41: } object
2023-02-24 12:16:42: {}
2023-02-24 12:16:42: {
2023-02-24 12:16:42:   WebServerPort: 9999,
2023-02-24 12:16:42:   MySqlConfig: {
2023-02-24 12:16:42:     host: '127.0.0.1',
2023-02-24 12:16:42:     user: 'root',
2023-02-24 12:16:42:     password: '123',
2023-02-24 12:16:42:     database: 'dormitory',
2023-02-24 12:16:42:     charset: 'utf8',
2023-02-24 12:16:42:     multipleStatements: true
2023-02-24 12:16:42:   },
2023-02-24 12:16:42:   JwtKey: '123456',
2023-02-24 12:16:42:   HuaAnCameraConfig: { Ip: '192.168.1.67', Port: '8000' },
2023-02-24 12:16:42:   AuthFlag: false,
2023-02-24 12:16:42:   HeartBeatMap: Map(0) {}
2023-02-24 12:16:42: } object
2023-02-24 12:16:42: {}
2023-02-24 12:16:42: {
2023-02-24 12:16:42:   WebServerPort: 9999,
2023-02-24 12:16:42:   MySqlConfig: {
2023-02-24 12:16:42:     host: '127.0.0.1',
2023-02-24 12:16:42:     user: 'root',
2023-02-24 12:16:42:     password: '123',
2023-02-24 12:16:42:     database: 'dormitory',
2023-02-24 12:16:42:     charset: 'utf8',
2023-02-24 12:16:42:     multipleStatements: true
2023-02-24 12:16:42:   },
2023-02-24 12:16:42:   JwtKey: '123456',
2023-02-24 12:16:42:   HuaAnCameraConfig: { Ip: '192.168.1.67', Port: '8000' },
2023-02-24 12:16:42:   AuthFlag: false,
2023-02-24 12:16:42:   HeartBeatMap: Map(0) {}
2023-02-24 12:16:42: } object
2023-02-24 12:16:43: {}
2023-02-24 12:16:43: {
2023-02-24 12:16:43:   WebServerPort: 9999,
2023-02-24 12:16:43:   MySqlConfig: {
2023-02-24 12:16:43:     host: '127.0.0.1',
2023-02-24 12:16:43:     user: 'root',
2023-02-24 12:16:43:     password: '123',
2023-02-24 12:16:43:     database: 'dormitory',
2023-02-24 12:16:43:     charset: 'utf8',
2023-02-24 12:16:43:     multipleStatements: true
2023-02-24 12:16:43:   },
2023-02-24 12:16:43:   JwtKey: '123456',
2023-02-24 12:16:43:   HuaAnCameraConfig: { Ip: '192.168.1.67', Port: '8000' },
2023-02-24 12:16:43:   AuthFlag: false,
2023-02-24 12:16:43:   HeartBeatMap: Map(0) {}
2023-02-24 12:16:43: } object
2023-02-24 12:16:44: {}
2023-02-24 12:16:44: {
2023-02-24 12:16:44:   WebServerPort: 9999,
2023-02-24 12:16:44:   MySqlConfig: {
2023-02-24 12:16:44:     host: '127.0.0.1',
2023-02-24 12:16:44:     user: 'root',
2023-02-24 12:16:44:     password: '123',
2023-02-24 12:16:44:     database: 'dormitory',
2023-02-24 12:16:44:     charset: 'utf8',
2023-02-24 12:16:44:     multipleStatements: true
2023-02-24 12:16:44:   },
2023-02-24 12:16:44:   JwtKey: '123456',
2023-02-24 12:16:44:   HuaAnCameraConfig: { Ip: '192.168.1.67', Port: '8000' },
2023-02-24 12:16:44:   AuthFlag: false,
2023-02-24 12:16:44:   HeartBeatMap: Map(0) {}
2023-02-24 12:16:44: } object
2023-02-24 12:16:44: {}
2023-02-24 12:16:44: {
2023-02-24 12:16:44:   WebServerPort: 9999,
2023-02-24 12:16:44:   MySqlConfig: {
2023-02-24 12:16:44:     host: '127.0.0.1',
2023-02-24 12:16:44:     user: 'root',
2023-02-24 12:16:44:     password: '123',
2023-02-24 12:16:44:     database: 'dormitory',
2023-02-24 12:16:44:     charset: 'utf8',
2023-02-24 12:16:44:     multipleStatements: true
2023-02-24 12:16:44:   },
2023-02-24 12:16:44:   JwtKey: '123456',
2023-02-24 12:16:44:   HuaAnCameraConfig: { Ip: '192.168.1.67', Port: '8000' },
2023-02-24 12:16:44:   AuthFlag: false,
2023-02-24 12:16:44:   HeartBeatMap: Map(0) {}
2023-02-24 12:16:44: } object
2023-02-24 12:16:45: {}
2023-02-24 12:16:45: {
2023-02-24 12:16:45:   WebServerPort: 9999,
2023-02-24 12:16:45:   MySqlConfig: {
2023-02-24 12:16:45:     host: '127.0.0.1',
2023-02-24 12:16:45:     user: 'root',
2023-02-24 12:16:45:     password: '123',
2023-02-24 12:16:45:     database: 'dormitory',
2023-02-24 12:16:45:     charset: 'utf8',
2023-02-24 12:16:45:     multipleStatements: true
2023-02-24 12:16:45:   },
2023-02-24 12:16:45:   JwtKey: '123456',
2023-02-24 12:16:45:   HuaAnCameraConfig: { Ip: '192.168.1.67', Port: '8000' },
2023-02-24 12:16:45:   AuthFlag: false,
2023-02-24 12:16:45:   HeartBeatMap: Map(0) {}
2023-02-24 12:16:45: } object
2023-02-24 12:16:46: {}
2023-02-24 12:16:46: {
2023-02-24 12:16:46:   WebServerPort: 9999,
2023-02-24 12:16:46:   MySqlConfig: {
2023-02-24 12:16:46:     host: '127.0.0.1',
2023-02-24 12:16:46:     user: 'root',
2023-02-24 12:16:46:     password: '123',
2023-02-24 12:16:46:     database: 'dormitory',
2023-02-24 12:16:46:     charset: 'utf8',
2023-02-24 12:16:46:     multipleStatements: true
2023-02-24 12:16:46:   },
2023-02-24 12:16:46:   JwtKey: '123456',
2023-02-24 12:16:46:   HuaAnCameraConfig: { Ip: '192.168.1.67', Port: '8000' },
2023-02-24 12:16:46:   AuthFlag: false,
2023-02-24 12:16:46:   HeartBeatMap: Map(0) {}
2023-02-24 12:16:46: } object
2023-02-24 12:16:46: {}
2023-02-24 12:16:46: {
2023-02-24 12:16:46:   WebServerPort: 9999,
2023-02-24 12:16:46:   MySqlConfig: {
2023-02-24 12:16:46:     host: '127.0.0.1',
2023-02-24 12:16:46:     user: 'root',
2023-02-24 12:16:46:     password: '123',
2023-02-24 12:16:46:     database: 'dormitory',
2023-02-24 12:16:46:     charset: 'utf8',
2023-02-24 12:16:46:     multipleStatements: true
2023-02-24 12:16:46:   },
2023-02-24 12:16:46:   JwtKey: '123456',
2023-02-24 12:16:46:   HuaAnCameraConfig: { Ip: '192.168.1.67', Port: '8000' },
2023-02-24 12:16:46:   AuthFlag: false,
2023-02-24 12:16:46:   HeartBeatMap: Map(0) {}
2023-02-24 12:16:46: } object
2023-02-24 12:16:47: {}
2023-02-24 12:16:47: {
2023-02-24 12:16:47:   WebServerPort: 9999,
2023-02-24 12:16:47:   MySqlConfig: {
2023-02-24 12:16:47:     host: '127.0.0.1',
2023-02-24 12:16:47:     user: 'root',
2023-02-24 12:16:47:     password: '123',
2023-02-24 12:16:47:     database: 'dormitory',
2023-02-24 12:16:47:     charset: 'utf8',
2023-02-24 12:16:47:     multipleStatements: true
2023-02-24 12:16:47:   },
2023-02-24 12:16:47:   JwtKey: '123456',
2023-02-24 12:16:47:   HuaAnCameraConfig: { Ip: '192.168.1.67', Port: '8000' },
2023-02-24 12:16:47:   AuthFlag: false,
2023-02-24 12:16:47:   HeartBeatMap: Map(0) {}
2023-02-24 12:16:47: } object
2023-02-24 12:16:48: {}
2023-02-24 12:16:48: {
2023-02-24 12:16:48:   WebServerPort: 9999,
2023-02-24 12:16:48:   MySqlConfig: {
2023-02-24 12:16:48:     host: '127.0.0.1',
2023-02-24 12:16:48:     user: 'root',
2023-02-24 12:16:48:     password: '123',
2023-02-24 12:16:48:     database: 'dormitory',
2023-02-24 12:16:48:     charset: 'utf8',
2023-02-24 12:16:48:     multipleStatements: true
2023-02-24 12:16:48:   },
2023-02-24 12:16:48:   JwtKey: '123456',
2023-02-24 12:16:48:   HuaAnCameraConfig: { Ip: '192.168.1.67', Port: '8000' },
2023-02-24 12:16:48:   AuthFlag: false,
2023-02-24 12:16:48:   HeartBeatMap: Map(0) {}
2023-02-24 12:16:48: } object
2023-02-24 12:16:49: {}
2023-02-24 12:16:49: {
2023-02-24 12:16:49:   WebServerPort: 9999,
2023-02-24 12:16:49:   MySqlConfig: {
2023-02-24 12:16:49:     host: '127.0.0.1',
2023-02-24 12:16:49:     user: 'root',
2023-02-24 12:16:49:     password: '123',
2023-02-24 12:16:49:     database: 'dormitory',
2023-02-24 12:16:49:     charset: 'utf8',
2023-02-24 12:16:49:     multipleStatements: true
2023-02-24 12:16:49:   },
2023-02-24 12:16:49:   JwtKey: '123456',
2023-02-24 12:16:49:   HuaAnCameraConfig: { Ip: '192.168.1.67', Port: '8000' },
2023-02-24 12:16:49:   AuthFlag: false,
2023-02-24 12:16:49:   HeartBeatMap: Map(0) {}
2023-02-24 12:16:49: } object
2023-02-24 12:16:49: {}
2023-02-24 12:16:50: {
2023-02-24 12:16:50:   WebServerPort: 9999,
2023-02-24 12:16:50:   MySqlConfig: {
2023-02-24 12:16:50:     host: '127.0.0.1',
2023-02-24 12:16:50:     user: 'root',
2023-02-24 12:16:50:     password: '123',
2023-02-24 12:16:50:     database: 'dormitory',
2023-02-24 12:16:50:     charset: 'utf8',
2023-02-24 12:16:50:     multipleStatements: true
2023-02-24 12:16:50:   },
2023-02-24 12:16:50:   JwtKey: '123456',
2023-02-24 12:16:50:   HuaAnCameraConfig: { Ip: '192.168.1.67', Port: '8000' },
2023-02-24 12:16:50:   AuthFlag: false,
2023-02-24 12:16:50:   HeartBeatMap: Map(0) {}
2023-02-24 12:16:50: } object
2023-02-24 12:16:50: {}
2023-02-24 12:16:50: {
2023-02-24 12:16:50:   WebServerPort: 9999,
2023-02-24 12:16:50:   MySqlConfig: {
2023-02-24 12:16:50:     host: '127.0.0.1',
2023-02-24 12:16:50:     user: 'root',
2023-02-24 12:16:50:     password: '123',
2023-02-24 12:16:50:     database: 'dormitory',
2023-02-24 12:16:50:     charset: 'utf8',
2023-02-24 12:16:50:     multipleStatements: true
2023-02-24 12:16:50:   },
2023-02-24 12:16:50:   JwtKey: '123456',
2023-02-24 12:16:50:   HuaAnCameraConfig: { Ip: '192.168.1.67', Port: '8000' },
2023-02-24 12:16:50:   AuthFlag: false,
2023-02-24 12:16:50:   HeartBeatMap: Map(0) {}
2023-02-24 12:16:50: } object
2023-02-24 12:16:51: {}
2023-02-24 12:16:51: {
2023-02-24 12:16:51:   WebServerPort: 9999,
2023-02-24 12:16:51:   MySqlConfig: {
2023-02-24 12:16:51:     host: '127.0.0.1',
2023-02-24 12:16:51:     user: 'root',
2023-02-24 12:16:51:     password: '123',
2023-02-24 12:16:51:     database: 'dormitory',
2023-02-24 12:16:51:     charset: 'utf8',
2023-02-24 12:16:51:     multipleStatements: true
2023-02-24 12:16:51:   },
2023-02-24 12:16:51:   JwtKey: '123456',
2023-02-24 12:16:51:   HuaAnCameraConfig: { Ip: '192.168.1.67', Port: '8000' },
2023-02-24 12:16:51:   AuthFlag: false,
2023-02-24 12:16:51:   HeartBeatMap: Map(0) {}
2023-02-24 12:16:51: } object
2023-02-24 12:16:52: {}
2023-02-24 12:16:52: {
2023-02-24 12:16:52:   WebServerPort: 9999,
2023-02-24 12:16:52:   MySqlConfig: {
2023-02-24 12:16:52:     host: '127.0.0.1',
2023-02-24 12:16:52:     user: 'root',
2023-02-24 12:16:52:     password: '123',
2023-02-24 12:16:52:     database: 'dormitory',
2023-02-24 12:16:52:     charset: 'utf8',
2023-02-24 12:16:52:     multipleStatements: true
2023-02-24 12:16:52:   },
2023-02-24 12:16:52:   JwtKey: '123456',
2023-02-24 12:16:52:   HuaAnCameraConfig: { Ip: '192.168.1.67', Port: '8000' },
2023-02-24 12:16:52:   AuthFlag: false,
2023-02-24 12:16:52:   HeartBeatMap: Map(0) {}
2023-02-24 12:16:52: } object
2023-02-24 12:20:56: {}
2023-02-24 12:20:56: {
2023-02-24 12:20:56:   WebServerPort: 9999,
2023-02-24 12:20:56:   MySqlConfig: {
2023-02-24 12:20:56:     host: '127.0.0.1',
2023-02-24 12:20:56:     user: 'root',
2023-02-24 12:20:56:     password: '123',
2023-02-24 12:20:56:     database: 'dormitory',
2023-02-24 12:20:56:     charset: 'utf8',
2023-02-24 12:20:56:     multipleStatements: true
2023-02-24 12:20:56:   },
2023-02-24 12:20:56:   JwtKey: '123456',
2023-02-24 12:20:56:   HuaAnCameraConfig: { Ip: '192.168.1.67', Port: '8000' },
2023-02-24 12:20:56:   AuthFlag: false,
2023-02-24 12:20:56:   HeartBeatMap: Map(0) {}
2023-02-24 12:20:56: } object
2023-02-24 12:20:56: web服务启动成功,端口:9999
2023-02-24 12:20:57: true noAuthUrlResult
2023-02-24 12:20:57: 授权成功
2023-02-24 12:20:57: lic_str eyJlbmRUaW1lIjoiMjAyMy0wMS0wMSIsIm1hYyI6IjhGNzM0N0M5LTJGRDYzMDY2IiwidHlwZSI6IkRvcm1pdG9yeSJ9
2023-02-24 12:20:57: true noAuthUrlResult
2023-02-24 12:20:57: {"ID":1,"Account":"admin","Name":"admin","Password":"E10ADC3949BA59ABBE56E057F20F883E","CurrentAllRole":null} result
2023-02-24 12:20:57: 定时服务已启动
2023-02-24 12:20:57: 连接到数据库成功
2023-02-24 12:53:57: {}
2023-02-24 12:53:57: {
2023-02-24 12:53:57:   WebServerPort: 9999,
2023-02-24 12:53:57:   MySqlConfig: {
2023-02-24 12:53:57:     host: '127.0.0.1',
2023-02-24 12:53:57:     user: 'root',
2023-02-24 12:53:57:     password: '123',
2023-02-24 12:53:57:     database: 'dormitory',
2023-02-24 12:53:57:     charset: 'utf8',
2023-02-24 12:53:57:     multipleStatements: true
2023-02-24 12:53:57:   },
2023-02-24 12:53:57:   JwtKey: '123456',
2023-02-24 12:53:57:   HuaAnCameraConfig: { Ip: '192.168.1.67', Port: '8000' },
2023-02-24 12:53:57:   AuthFlag: false,
2023-02-24 12:53:57:   HeartBeatMap: Map(0) {}
2023-02-24 12:53:57: } object
2023-02-24 12:53:57: web服务启动成功,端口:9999
2023-02-24 12:54:00: {}
2023-02-24 12:54:00: {
2023-02-24 12:54:00:   WebServerPort: 9999,
2023-02-24 12:54:00:   MySqlConfig: {
2023-02-24 12:54:00:     host: '127.0.0.1',
2023-02-24 12:54:00:     user: 'root',
2023-02-24 12:54:00:     password: '123',
2023-02-24 12:54:00:     database: 'dormitory',
2023-02-24 12:54:00:     charset: 'utf8',
2023-02-24 12:54:00:     multipleStatements: true
2023-02-24 12:54:00:   },
2023-02-24 12:54:00:   JwtKey: '123456',
2023-02-24 12:54:00:   HuaAnCameraConfig: { Ip: '192.168.1.67', Port: '8000' },
2023-02-24 12:54:00:   AuthFlag: false,
2023-02-24 12:54:00:   HeartBeatMap: Map(0) {}
2023-02-24 12:54:00: } object
2023-02-24 12:54:00: web服务启动成功,端口:9999
2023-02-24 12:54:00: true noAuthUrlResult
2023-02-24 12:54:00: 证书已过期
2023-02-24 12:54:01: 授权成功
2023-02-24 12:54:01: lic_str eyJlbmRUaW1lIjoiMjAyMy0wMS0wMSIsIm1hYyI6IjhGNzM0N0M5LTJGRDYzMDY2IiwidHlwZSI6IkRvcm1pdG9yeSJ9
2023-02-24 12:54:01: true noAuthUrlResult
2023-02-24 12:54:01: {"ID":1,"Account":"admin","Name":"admin","Password":"E10ADC3949BA59ABBE56E057F20F883E","CurrentAllRole":null} result
2023-02-24 12:54:01: 定时服务已启动
2023-02-24 12:54:01: 连接到数据库成功
2023-02-24 12:54:20: true noAuthUrlResult
2023-02-24 12:54:20: E10ADC3949BA59ABBE56E057F20F883E
2023-02-24 12:54:21: false noAuthUrlResult
2023-02-24 12:54:21: false noAuthUrlResult
2023-02-24 12:54:21: false noAuthUrlResult
2023-02-24 12:54:22: false noAuthUrlResult
2023-02-24 12:54:22: false noAuthUrlResult
2023-02-24 12:54:24: false noAuthUrlResult
2023-02-24 12:54:24: false noAuthUrlResult
2023-02-24 12:54:25: false noAuthUrlResult
2023-02-24 12:54:25: false noAuthUrlResult
2023-02-24 12:54:25: false noAuthUrlResult
2023-02-24 12:54:25: false noAuthUrlResult
2023-02-24 12:54:26: false noAuthUrlResult
2023-02-24 12:54:27: true noAuthUrlResult
2023-02-24 12:54:27: false noAuthUrlResult
2023-02-24 12:54:28: false noAuthUrlResult
2023-02-24 12:54:29: false noAuthUrlResult
2023-02-24 12:54:29: false noAuthUrlResult
2023-02-24 12:54:29: false noAuthUrlResult
2023-02-24 12:54:29: false noAuthUrlResult
